<?xml version="1.0" encoding="UTF-8"?>
<!-- Generated by org.testng.reporters.JUnitReportReporter -->
<testsuite skipped="0" hostname="HP" name="automationFramework.Verificationcommends" tests="4" failures="0" timestamp="24 Sep 2022 14:14:55 GMT" time="9.404" errors="0">
  <testcase name="b_radiobutton" time="0.158" classname="automationFramework.Verificationcommends"/>
  <testcase name="c_checkbox" time="0.162" classname="automationFramework.Verificationcommends"/>
  <testcase name="a_PageLoad" time="8.990" classname="automationFramework.Verificationcommends"/>
  <testcase name="d_text" time="0.094" classname="automationFramework.Verificationcommends"/>
</testsuite> <!-- automationFramework.Verificationcommends -->
