<?xml version="1.0" encoding="UTF-8"?>
<!-- Generated by org.testng.reporters.JUnitReportReporter -->
<testsuite skipped="0" hostname="HP" name="com.testNGFramework.MouseActionsDraganandDrop" tests="2" failures="0" timestamp="20 Sep 2022 18:09:49 GMT" time="18.710" errors="0">
  <testcase name="b_drag_drop" time="2.688" classname="com.testNGFramework.MouseActionsDraganandDrop"/>
  <testcase name="a_openapplication" time="16.022" classname="com.testNGFramework.MouseActionsDraganandDrop"/>
</testsuite> <!-- com.testNGFramework.MouseActionsDraganandDrop -->
