<?xml version="1.0" encoding="UTF-8"?>
<!-- Generated by org.testng.reporters.JUnitReportReporter -->
<testsuite skipped="0" hostname="HP" name="com.testNGFramework.UpDownAss2" tests="2" failures="0" timestamp="20 Sep 2022 06:56:26 GMT" time="39.835" errors="0">
  <testcase name="a_openWebSite" time="18.513" classname="com.testNGFramework.UpDownAss2"/>
  <testcase name="b_KeyBoardAction" time="21.322" classname="com.testNGFramework.UpDownAss2"/>
</testsuite> <!-- com.testNGFramework.UpDownAss2 -->
