<?xml version="1.0" encoding="UTF-8"?>
<!-- Generated by org.testng.reporters.JUnitReportReporter -->
<testsuite skipped="0" hostname="HP" name="com.testNGFramework.UpDownAss2ForXml" tests="2" failures="0" timestamp="20 Sep 2022 14:58:04 GMT" time="37.048" errors="0">
  <testcase name="a_openWebSite" time="16.808" classname="com.testNGFramework.UpDownAss2ForXml"/>
  <testcase name="b_KeyBoardAction" time="20.240" classname="com.testNGFramework.UpDownAss2ForXml"/>
</testsuite> <!-- com.testNGFramework.UpDownAss2ForXml -->
