<?xml version="1.0" encoding="UTF-8"?>
<!-- Generated by org.testng.reporters.JUnitReportReporter -->
<testsuite skipped="0" hostname="HP" name="com.testNGFramework.petstoreoctoper" tests="4" failures="0" timestamp="20 Sep 2022 18:09:49 GMT" time="11.317" errors="0">
  <testcase name="pageLoad" time="4.225" classname="com.testNGFramework.petstoreoctoper"/>
  <testcase name="Userinfo" time="4.419" classname="com.testNGFramework.petstoreoctoper"/>
  <testcase name="accoundinfo" time="1.375" classname="com.testNGFramework.petstoreoctoper"/>
  <testcase name="profileinfo" time="1.298" classname="com.testNGFramework.petstoreoctoper"/>
</testsuite> <!-- com.testNGFramework.petstoreoctoper -->
