<?xml version="1.0" encoding="UTF-8"?>
<!-- Generated by org.testng.reporters.JUnitReportReporter -->
<testsuite skipped="0" hostname="HP" name="com.Interview.AlertPopus" tests="5" failures="0" timestamp="06 Oct 2022 13:24:42 GMT" time="49.973" errors="0">
  <testcase name="a_Pageopen" time="15.178" classname="com.Interview.AlertPopus"/>
  <testcase name="d_PromptPopUp" time="26.654" classname="com.Interview.AlertPopus"/>
  <testcase name="c_ConfirmPopUp" time="7.894" classname="com.Interview.AlertPopus"/>
  <testcase name="e_GetPageDetails" time="0.070" classname="com.Interview.AlertPopus"/>
  <testcase name="b_AlertPopUp" time="0.177" classname="com.Interview.AlertPopus"/>
</testsuite> <!-- com.Interview.AlertPopus -->
