<?xml version="1.0" encoding="UTF-8"?>
<!-- Generated by org.testng.reporters.JUnitReportReporter -->
<testsuite skipped="0" hostname="HP" name="automationFramework.ConfirmPopupAss" tests="2" failures="0" timestamp="24 Sep 2022 13:36:21 GMT" time="22.573" errors="0">
  <testcase name="b_getURL" time="7.425" classname="automationFramework.ConfirmPopupAss"/>
  <testcase name="a_OpenWebSite" time="15.148" classname="automationFramework.ConfirmPopupAss"/>
</testsuite> <!-- automationFramework.ConfirmPopupAss -->
