<?xml version="1.0" encoding="UTF-8"?>
<!-- Generated by org.testng.reporters.JUnitReportReporter -->
<testsuite skipped="0" hostname="HP" name="com.testNGFramework.AlertPopupAss" tests="2" failures="0" timestamp="20 Sep 2022 14:54:48 GMT" time="19.787" errors="0">
  <testcase name="a_OpenAppication" time="16.572" classname="com.testNGFramework.AlertPopupAss"/>
  <testcase name="b_HandlePopup" time="3.215" classname="com.testNGFramework.AlertPopupAss"/>
</testsuite> <!-- com.testNGFramework.AlertPopupAss -->
