<?xml version="1.0" encoding="UTF-8"?>
<!-- Generated by org.testng.reporters.JUnitReportReporter -->
<testsuite skipped="1" hostname="HP" name="com.testNGFramework.MethodDependancy" tests="3" failures="0" timestamp="09 Oct 2022 15:54:17 GMT" time="0.070" errors="0">
  <testcase name="first" time="0.062" classname="com.testNGFramework.MethodDependancy"/>
  <testcase name="third" time="0.008" classname="com.testNGFramework.MethodDependancy"/>
  <testcase name="second" classname="com.testNGFramework.MethodDependancy">
    <skipped/>
  </testcase> <!-- second -->
</testsuite> <!-- com.testNGFramework.MethodDependancy -->
