<?xml version="1.0" encoding="UTF-8"?>
<!-- Generated by org.testng.reporters.JUnitReportReporter -->
<testsuite skipped="0" hostname="HP" name="com.testNGFramework.PromptPopupAss" tests="2" failures="0" timestamp="20 Sep 2022 18:09:49 GMT" time="15.907" errors="0">
  <testcase name="b_PopUpinPrompt" time="0.542" classname="com.testNGFramework.PromptPopupAss"/>
  <testcase name="a_OpenWebSite" time="15.365" classname="com.testNGFramework.PromptPopupAss"/>
</testsuite> <!-- com.testNGFramework.PromptPopupAss -->
