<?xml version="1.0" encoding="UTF-8"?>
<!-- Generated by org.testng.reporters.JUnitReportReporter -->
<testsuite skipped="0" hostname="HP" name="com.Interview.GroupingConcept" tests="3" failures="0" timestamp="09 Oct 2022 16:31:43 GMT" time="0.042" errors="0">
  <testcase name="f3" time="0.000" classname="com.Interview.GroupingConcept"/>
  <testcase name="f2" time="0.008" classname="com.Interview.GroupingConcept"/>
  <testcase name="f1" time="0.034" classname="com.Interview.GroupingConcept"/>
</testsuite> <!-- com.Interview.GroupingConcept -->
