<?xml version="1.0" encoding="UTF-8"?>
<!-- Generated by org.testng.reporters.JUnitReportReporter -->
<testsuite skipped="0" hostname="HP" name="com.testNGFramework.Formy" tests="2" failures="0" timestamp="20 Sep 2022 16:35:23 GMT" time="9.263" errors="0">
  <testcase name="b_userinfo" time="1.086" classname="com.testNGFramework.Formy"/>
  <testcase name="a_OpenApplication" time="8.177" classname="com.testNGFramework.Formy"/>
</testsuite> <!-- com.testNGFramework.Formy -->
