<?xml version="1.0" encoding="UTF-8"?>
<!-- Generated by org.testng.reporters.JUnitReportReporter -->
<testsuite skipped="0" hostname="HP" name="automationFramework.saucedemo" tests="2" failures="0" timestamp="20 Sep 2022 15:15:59 GMT" time="15.916" errors="0">
  <testcase name="b_CompleteInstraction" time="7.250" classname="automationFramework.saucedemo"/>
  <testcase name="a_OpenSaucedmo" time="8.666" classname="automationFramework.saucedemo"/>
</testsuite> <!-- automationFramework.saucedemo -->
