<?xml version="1.0" encoding="UTF-8"?>
<!-- Generated by org.testng.reporters.JUnitReportReporter -->
<testsuite skipped="0" hostname="HP" name="com.testNGFramework.saucedemo" tests="2" failures="0" timestamp="20 Sep 2022 15:15:59 GMT" time="13.356" errors="0">
  <testcase name="a_seucedemo" time="6.333" classname="com.testNGFramework.saucedemo"/>
  <testcase name="b_loginpage" time="7.023" classname="com.testNGFramework.saucedemo"/>
</testsuite> <!-- com.testNGFramework.saucedemo -->
