<?xml version="1.0" encoding="UTF-8"?>
<!-- Generated by org.testng.reporters.JUnitReportReporter -->
<testsuite skipped="0" hostname="HP" name="com.testNGFramework.GroupingConcept" tests="2" failures="0" timestamp="09 Oct 2022 16:41:34 GMT" time="0.038" errors="0">
  <testcase name="f1" time="0.030" classname="com.testNGFramework.GroupingConcept"/>
  <testcase name="f3" time="0.008" classname="com.testNGFramework.GroupingConcept"/>
</testsuite> <!-- com.testNGFramework.GroupingConcept -->
