<?xml version="1.0" encoding="UTF-8"?>
<!-- Generated by org.testng.reporters.JUnitReportReporter -->
<testsuite skipped="0" hostname="HP" name="com.testNGFramework.MouseActionRightClick" tests="3" failures="0" timestamp="20 Sep 2022 18:09:49 GMT" time="16.303" errors="0">
  <testcase name="b_MouseActions" time="2.162" classname="com.testNGFramework.MouseActionRightClick"/>
  <testcase name="c_PopUpHandled" time="0.223" classname="com.testNGFramework.MouseActionRightClick"/>
  <testcase name="a_OpenWebSiteguru99" time="13.918" classname="com.testNGFramework.MouseActionRightClick"/>
</testsuite> <!-- com.testNGFramework.MouseActionRightClick -->
