<?xml version="1.0" encoding="UTF-8"?>
<!-- Generated by org.testng.reporters.JUnitReportReporter -->
<testsuite skipped="0" hostname="HP" name="com.testNGFramework.GetMethods" tests="2" failures="0" timestamp="20 Sep 2022 18:09:49 GMT" time="11.204" errors="0">
  <testcase name="a_OpenZeroApp" time="10.232" classname="com.testNGFramework.GetMethods"/>
  <testcase name="b_GetTitle" time="0.972" classname="com.testNGFramework.GetMethods"/>
</testsuite> <!-- com.testNGFramework.GetMethods -->
