<?xml version="1.0" encoding="UTF-8"?>
<!-- Generated by org.testng.reporters.JUnitReportReporter -->
<testsuite skipped="0" hostname="HP" name="com.testNGFramework.MouseActionsAssDemoBlazeContactpage" tests="3" failures="0" timestamp="20 Sep 2022 18:09:49 GMT" time="23.681" errors="0">
  <testcase name="c_geturl" time="4.267" classname="com.testNGFramework.MouseActionsAssDemoBlazeContactpage"/>
  <testcase name="b_userbio" time="2.215" classname="com.testNGFramework.MouseActionsAssDemoBlazeContactpage"/>
  <testcase name="a_openwebsite" time="17.199" classname="com.testNGFramework.MouseActionsAssDemoBlazeContactpage"/>
</testsuite> <!-- com.testNGFramework.MouseActionsAssDemoBlazeContactpage -->
