<?xml version="1.0" encoding="UTF-8"?>
<!-- Generated by org.testng.reporters.JUnitReportReporter -->
<testsuite skipped="0" hostname="HP" name="com.testNGFramework.SwagLab" tests="2" failures="0" timestamp="20 Sep 2022 18:09:49 GMT" time="31.024" errors="0">
  <testcase name="pageload" time="15.626" classname="com.testNGFramework.SwagLab"/>
  <testcase name="loginpage" time="15.398" classname="com.testNGFramework.SwagLab"/>
</testsuite> <!-- com.testNGFramework.SwagLab -->
