<?xml version="1.0" encoding="UTF-8"?>
<!-- Generated by org.testng.reporters.JUnitReportReporter -->
<testsuite skipped="0" hostname="HP" name="automationFramework.yourstore" tests="2" failures="0" timestamp="08 Oct 2022 15:48:44 GMT" time="32.102" errors="0">
  <testcase name="a_OpenSite" time="8.470" classname="automationFramework.yourstore"/>
  <testcase name="b_UserInfo" time="23.632" classname="automationFramework.yourstore"/>
</testsuite> <!-- automationFramework.yourstore -->
