<?xml version="1.0" encoding="UTF-8"?>
<!-- Generated by org.testng.reporters.JUnitReportReporter -->
<testsuite skipped="0" hostname="HP" name="automationFramework.PromptPopupAss" tests="2" failures="0" timestamp="20 Sep 2022 15:15:59 GMT" time="34.821" errors="0">
  <testcase name="b_PopUpinPrompt" time="0.401" classname="automationFramework.PromptPopupAss"/>
  <testcase name="a_OpenWebSite" time="34.420" classname="automationFramework.PromptPopupAss"/>
</testsuite> <!-- automationFramework.PromptPopupAss -->
