<?xml version="1.0" encoding="UTF-8"?>
<!-- Generated by org.testng.reporters.JUnitReportReporter -->
<testsuite skipped="0" hostname="HP" name="automationFramework.WindowsHamdlingAss" tests="3" failures="0" timestamp="22 Sep 2022 14:31:50 GMT" time="114.486" errors="0">
  <testcase name="a_OpenWebSite" time="104.362" classname="automationFramework.WindowsHamdlingAss"/>
  <testcase name="c_HandleWindow" time="6.983" classname="automationFramework.WindowsHamdlingAss"/>
  <testcase name="b_ProductSearch" time="3.141" classname="automationFramework.WindowsHamdlingAss"/>
</testsuite> <!-- automationFramework.WindowsHamdlingAss -->
