<?xml version="1.0" encoding="UTF-8"?>
<!-- Generated by org.testng.reporters.JUnitReportReporter -->
<testsuite skipped="0" hostname="HP" name="automationFramework.MouseActionRightClick" tests="3" failures="0" timestamp="20 Sep 2022 15:15:59 GMT" time="26.676" errors="0">
  <testcase name="c_PopUpHandled" time="0.279" classname="automationFramework.MouseActionRightClick"/>
  <testcase name="b_MouseActions" time="0.783" classname="automationFramework.MouseActionRightClick"/>
  <testcase name="a_OpenWebSiteguru99" time="25.614" classname="automationFramework.MouseActionRightClick"/>
</testsuite> <!-- automationFramework.MouseActionRightClick -->
