<?xml version="1.0" encoding="UTF-8"?>
<!-- Generated by org.testng.reporters.JUnitReportReporter -->
<testsuite skipped="1" hostname="HP" name="com.testNGFramework.DisablingTestScript" tests="4" failures="0" timestamp="20 Sep 2022 15:00:35 GMT" time="0.059" errors="0">
  <testcase name="f1" time="0.051" classname="com.testNGFramework.DisablingTestScript"/>
  <testcase name="f3" time="0.008" classname="com.testNGFramework.DisablingTestScript"/>
  <testcase name="f4" time="0.000" classname="com.testNGFramework.DisablingTestScript"/>
  <testcase name="f2" classname="com.testNGFramework.DisablingTestScript">
    <skipped/>
  </testcase> <!-- f2 -->
</testsuite> <!-- com.testNGFramework.DisablingTestScript -->
