<?xml version="1.0" encoding="UTF-8"?>
<!-- Generated by org.testng.reporters.JUnitReportReporter -->
<testsuite skipped="0" hostname="HP" name="com.testNGFramework.KeyBoardTabEnter" tests="2" failures="0" timestamp="20 Sep 2022 16:14:51 GMT" time="11.639" errors="0">
  <testcase name="a_OpenWebSite" time="11.141" classname="com.testNGFramework.KeyBoardTabEnter"/>
  <testcase name="b_KeyActions" time="0.498" classname="com.testNGFramework.KeyBoardTabEnter"/>
</testsuite> <!-- com.testNGFramework.KeyBoardTabEnter -->
