<?xml version="1.0" encoding="UTF-8"?>
<!-- Generated by org.testng.reporters.JUnitReportReporter -->
<testsuite skipped="0" hostname="HP" name="com.testNGFramework.AnnotationsDemo" tests="1" failures="0" timestamp="09 Oct 2022 14:58:42 GMT" time="0.026" errors="0">
  <testcase name="f" time="0.026" classname="com.testNGFramework.AnnotationsDemo"/>
</testsuite> <!-- com.testNGFramework.AnnotationsDemo -->
