<?xml version="1.0" encoding="UTF-8"?>
<!-- Generated by org.testng.reporters.JUnitReportReporter -->
<testsuite skipped="0" hostname="HP" name="com.testNGFramework.similerElements" tests="2" failures="0" timestamp="20 Sep 2022 18:09:49 GMT" time="8.559" errors="0">
  <testcase name="a_DhanushBio" time="7.961" classname="com.testNGFramework.similerElements"/>
  <testcase name="b_Actions" time="0.598" classname="com.testNGFramework.similerElements"/>
</testsuite> <!-- com.testNGFramework.similerElements -->
