<?xml version="1.0" encoding="UTF-8"?>
<!-- Generated by org.testng.reporters.JUnitReportReporter -->
<testsuite skipped="0" hostname="HP" name="com.testNGFramework.coolsummar" tests="2" failures="0" timestamp="20 Sep 2022 15:23:23 GMT" time="27.017" errors="0">
  <testcase name="b_UserInfo" time="12.148" classname="com.testNGFramework.coolsummar"/>
  <testcase name="a_OpenWebSite" time="14.869" classname="com.testNGFramework.coolsummar"/>
</testsuite> <!-- com.testNGFramework.coolsummar -->
