<?xml version="1.0" encoding="UTF-8"?>
<!-- Generated by org.testng.reporters.JUnitReportReporter -->
<testsuite skipped="0" hostname="HP" name="automationFramework.UpDownAss2" tests="2" failures="0" timestamp="20 Sep 2022 14:56:24 GMT" time="34.376" errors="0">
  <testcase name="a_openWebSite" time="13.721" classname="automationFramework.UpDownAss2"/>
  <testcase name="b_KeyBoardAction" time="20.655" classname="automationFramework.UpDownAss2"/>
</testsuite> <!-- automationFramework.UpDownAss2 -->
