<?xml version="1.0" encoding="UTF-8"?>
<!-- Generated by org.testng.reporters.JUnitReportReporter -->
<testsuite skipped="0" hostname="HP" name="automationFramework.MouseActionsAssDemoBlazeProductClick" tests="3" failures="0" timestamp="20 Sep 2022 15:15:59 GMT" time="15.802" errors="0">
  <testcase name="c_GetProductDetail" time="0.164" classname="automationFramework.MouseActionsAssDemoBlazeProductClick"/>
  <testcase name="b_Selectproduct" time="6.601" classname="automationFramework.MouseActionsAssDemoBlazeProductClick"/>
  <testcase name="a_OpenWebSite" time="9.037" classname="automationFramework.MouseActionsAssDemoBlazeProductClick"/>
</testsuite> <!-- automationFramework.MouseActionsAssDemoBlazeProductClick -->
