<?xml version="1.0" encoding="UTF-8"?>
<!-- Generated by org.testng.reporters.JUnitReportReporter -->
<testsuite skipped="0" hostname="HP" name="com.testNGFramework.ConfirmPopupAss" tests="2" failures="0" timestamp="20 Sep 2022 15:21:21 GMT" time="35.362" errors="0">
  <testcase name="a_OpenWebSite" time="27.820" classname="com.testNGFramework.ConfirmPopupAss"/>
  <testcase name="b_getURL" time="7.542" classname="com.testNGFramework.ConfirmPopupAss"/>
</testsuite> <!-- com.testNGFramework.ConfirmPopupAss -->
